2018-11-28 18:43:54 [INFO] [2] [PreProcess] {
  "seq" : "2",
  "globalId" : "20181128HyunJoui-MacBook-Pro.localre1843539970010000",
  "standardTelegram" : {
    "sttlSysCopt" : {
      "sttlCmrsYn" : "N",
      "sttlEncpDcd" : "0",
      "sttlLnggDcd" : "KO",
      "sttlVerDsnc" : "024",
      "whbnSttlWrtnYmd" : "20181128",
      "whbnSttlCretSysNm" : "HyunJoui-MacBook-Pro.local",
      "whbnSttlSrn" : "re184353997001",
      "whbnSttlPgrsDsncNo" : 0,
      "whbnSttlPgrsNo" : 0,
      "sttlIntfAnunId" : "20181128HyunJoui-MacBook-Pro.localre1843539970010000",
      "sttlIp" : "172.20.10.2",
      "sttlMacAdrVl" : "D6A33D39F547",
      "sysEnvrInfoDcd" : "D",
      "frstRqstTs" : "20181128184353997",
      "sttlMctmUseYn" : "N",
      "sttlMctmSecVl" : 0,
      "trnmSysDcd" : "APB",
      "trnmTs" : "20181128184353997",
      "rqstRspnDcd" : "S",
      "sttlIdprVrsnSrn" : 0,
      "rqstSysDcd" : "APB",
      "rqstSysBswrDcd" : "APB",
      "sttlIntfId" : "ITRO00000035",
      "syncRspnWaitDcd" : "S",
      "etahTrnYn" : "N",
      "inptTmgtDcd" : "0",
      "sttlRqstTs" : "20181128184353997",
      "rqstRcvSvcId" : "CBKCOM915000",
      "rspnRcvSvcId" : "CBKCOM915000",
      "erorRspnSvcId" : "",
      "erocSysDcd" : "APB",
      "sttlErcd" : "",
      "rqstChptDcd" : "APB",
      "rqstChptDtlsDcd" : "APB",
      "rqstChbsDcd" : "APB",
      "lrqnInopTrnGlblId" : "20181128HyunJoui-MacBook-Pro.localre184353997001",
      "lrqnInopCtntNo" : 0
    },
    "sttlTrnCopt" : {
      "ntcd" : "00",
      "bncd" : "00",
      "trnChnlDcd" : "OLT",
      "trrqBswrDcd" : "APB",
      "sttlXcd" : "CBKCOM915000",
      "cnclDcd" : "1",
      "ctntTrnDcd" : 0,
      "inptTrnSrn" : "0000000000",
      "blngFncmCd" : "001"
    },
    "sttlAmgcCopt" : {
      "dtstDcd" : "MC",
      "dtstLen" : 597,
      "tln" : "CHFEP000",
      "acitRnlModeDcd" : "1",
      "baclDcd" : "1",
      "ynbkDcd" : "2",
      "caalDcd" : "2",
      "bnkbSrn" : 0,
      "smatInqSrn" : 0,
      "brcd" : "9301"
    },
    "sttlNfchCopt" : {
      "dtstDcd" : "NC"
    },
    "sttlSvatCopt" : { },
    "sttlMsgCopt" : { },
    "sttlOpatCopt" : { },
    "sttlOtfxCopt" : { },
    "userData" : {
      "data" : {
        "TEST_CD" : "TEST",
        "INQ_YMD" : "20181121",
        "BASE_CRCD" : "KRW"
      }
    },
    "endSignal" : "@@"
  }
}
2018-11-28 18:44:42 [INFO] [2] [PreProcess] {
  "seq" : "2",
  "globalId" : "20181128HyunJoui-MacBook-Pro.localre1844427590010000",
  "standardTelegram" : {
    "sttlSysCopt" : {
      "sttlCmrsYn" : "N",
      "sttlEncpDcd" : "0",
      "sttlLnggDcd" : "KO",
      "sttlVerDsnc" : "024",
      "whbnSttlWrtnYmd" : "20181128",
      "whbnSttlCretSysNm" : "HyunJoui-MacBook-Pro.local",
      "whbnSttlSrn" : "re184442759001",
      "whbnSttlPgrsDsncNo" : 0,
      "whbnSttlPgrsNo" : 0,
      "sttlIntfAnunId" : "20181128HyunJoui-MacBook-Pro.localre1844427590010000",
      "sttlIp" : "172.20.10.2",
      "sttlMacAdrVl" : "D6A33D39F547",
      "sysEnvrInfoDcd" : "D",
      "frstRqstTs" : "20181128184442759",
      "sttlMctmUseYn" : "N",
      "sttlMctmSecVl" : 0,
      "trnmSysDcd" : "APB",
      "trnmTs" : "20181128184442759",
      "rqstRspnDcd" : "S",
      "sttlIdprVrsnSrn" : 0,
      "rqstSysDcd" : "APB",
      "rqstSysBswrDcd" : "APB",
      "sttlIntfId" : "ITRO00000035",
      "syncRspnWaitDcd" : "S",
      "etahTrnYn" : "N",
      "inptTmgtDcd" : "0",
      "sttlRqstTs" : "20181128184442759",
      "rqstRcvSvcId" : "CBKCOM915000",
      "rspnRcvSvcId" : "CBKCOM915000",
      "erorRspnSvcId" : "",
      "erocSysDcd" : "APB",
      "sttlErcd" : "",
      "rqstChptDcd" : "APB",
      "rqstChptDtlsDcd" : "APB",
      "rqstChbsDcd" : "APB",
      "lrqnInopTrnGlblId" : "20181128HyunJoui-MacBook-Pro.localre184442759001",
      "lrqnInopCtntNo" : 0
    },
    "sttlTrnCopt" : {
      "ntcd" : "00",
      "bncd" : "00",
      "trnChnlDcd" : "OLT",
      "trrqBswrDcd" : "APB",
      "sttlXcd" : "CBKCOM915000",
      "cnclDcd" : "1",
      "ctntTrnDcd" : 0,
      "inptTrnSrn" : "0000000000",
      "blngFncmCd" : "001"
    },
    "sttlAmgcCopt" : {
      "dtstDcd" : "MC",
      "dtstLen" : 597,
      "tln" : "CHFEP000",
      "acitRnlModeDcd" : "1",
      "baclDcd" : "1",
      "ynbkDcd" : "2",
      "caalDcd" : "2",
      "bnkbSrn" : 0,
      "smatInqSrn" : 0,
      "brcd" : "9301"
    },
    "sttlNfchCopt" : {
      "dtstDcd" : "NC"
    },
    "sttlSvatCopt" : { },
    "sttlMsgCopt" : { },
    "sttlOpatCopt" : { },
    "sttlOtfxCopt" : { },
    "userData" : {
      "data" : {
        "TEST_CD" : "TEST",
        "INQ_YMD" : "20181121",
        "BASE_CRCD" : "KRW"
      }
    },
    "endSignal" : "@@"
  }
}
2018-11-28 18:44:51 [INFO] [2] [PreProcess] {
  "seq" : "2",
  "globalId" : "20181128HyunJoui-MacBook-Pro.localre1844510090020000",
  "standardTelegram" : {
    "sttlSysCopt" : {
      "sttlCmrsYn" : "N",
      "sttlEncpDcd" : "0",
      "sttlLnggDcd" : "KO",
      "sttlVerDsnc" : "024",
      "whbnSttlWrtnYmd" : "20181128",
      "whbnSttlCretSysNm" : "HyunJoui-MacBook-Pro.local",
      "whbnSttlSrn" : "re184451009002",
      "whbnSttlPgrsDsncNo" : 0,
      "whbnSttlPgrsNo" : 0,
      "sttlIntfAnunId" : "20181128HyunJoui-MacBook-Pro.localre1844510090020000",
      "sttlIp" : "172.20.10.2",
      "sttlMacAdrVl" : "D6A33D39F547",
      "sysEnvrInfoDcd" : "D",
      "frstRqstTs" : "20181128184451009",
      "sttlMctmUseYn" : "N",
      "sttlMctmSecVl" : 0,
      "trnmSysDcd" : "APB",
      "trnmTs" : "20181128184451009",
      "rqstRspnDcd" : "S",
      "sttlIdprVrsnSrn" : 0,
      "rqstSysDcd" : "APB",
      "rqstSysBswrDcd" : "APB",
      "sttlIntfId" : "ITRO00000035",
      "syncRspnWaitDcd" : "S",
      "etahTrnYn" : "N",
      "inptTmgtDcd" : "0",
      "sttlRqstTs" : "20181128184451009",
      "rqstRcvSvcId" : "CBKCOM915000",
      "rspnRcvSvcId" : "CBKCOM915000",
      "erorRspnSvcId" : "",
      "erocSysDcd" : "APB",
      "sttlErcd" : "",
      "rqstChptDcd" : "APB",
      "rqstChptDtlsDcd" : "APB",
      "rqstChbsDcd" : "APB",
      "lrqnInopTrnGlblId" : "20181128HyunJoui-MacBook-Pro.localre184451009002",
      "lrqnInopCtntNo" : 0
    },
    "sttlTrnCopt" : {
      "ntcd" : "00",
      "bncd" : "00",
      "trnChnlDcd" : "OLT",
      "trrqBswrDcd" : "APB",
      "sttlXcd" : "CBKCOM915000",
      "cnclDcd" : "1",
      "ctntTrnDcd" : 0,
      "inptTrnSrn" : "0000000000",
      "blngFncmCd" : "001"
    },
    "sttlAmgcCopt" : {
      "dtstDcd" : "MC",
      "dtstLen" : 597,
      "tln" : "CHFEP000",
      "acitRnlModeDcd" : "1",
      "baclDcd" : "1",
      "ynbkDcd" : "2",
      "caalDcd" : "2",
      "bnkbSrn" : 0,
      "smatInqSrn" : 0,
      "brcd" : "9301"
    },
    "sttlNfchCopt" : {
      "dtstDcd" : "NC"
    },
    "sttlSvatCopt" : { },
    "sttlMsgCopt" : { },
    "sttlOpatCopt" : { },
    "sttlOtfxCopt" : { },
    "userData" : {
      "data" : {
        "TEST_CD" : "TEST",
        "INQ_YMD" : "20181121",
        "BASE_CRCD" : "KRW"
      }
    },
    "endSignal" : "@@"
  }
}
2018-11-28 18:45:27 [INFO] [2] [PreProcess] {
  "seq" : "2",
  "globalId" : "20181128HyunJoui-MacBook-Pro.localre1845273010010000",
  "standardTelegram" : {
    "sttlSysCopt" : {
      "sttlCmrsYn" : "N",
      "sttlEncpDcd" : "0",
      "sttlLnggDcd" : "KO",
      "sttlVerDsnc" : "024",
      "whbnSttlWrtnYmd" : "20181128",
      "whbnSttlCretSysNm" : "HyunJoui-MacBook-Pro.local",
      "whbnSttlSrn" : "re184527301001",
      "whbnSttlPgrsDsncNo" : 0,
      "whbnSttlPgrsNo" : 0,
      "sttlIntfAnunId" : "20181128HyunJoui-MacBook-Pro.localre1845273010010000",
      "sttlIp" : "172.20.10.2",
      "sttlMacAdrVl" : "D6A33D39F547",
      "sysEnvrInfoDcd" : "D",
      "frstRqstTs" : "20181128184527301",
      "sttlMctmUseYn" : "N",
      "sttlMctmSecVl" : 0,
      "trnmSysDcd" : "APB",
      "trnmTs" : "20181128184527301",
      "rqstRspnDcd" : "S",
      "sttlIdprVrsnSrn" : 0,
      "rqstSysDcd" : "APB",
      "rqstSysBswrDcd" : "APB",
      "sttlIntfId" : "ITRO00000035",
      "syncRspnWaitDcd" : "S",
      "etahTrnYn" : "N",
      "inptTmgtDcd" : "0",
      "sttlRqstTs" : "20181128184527301",
      "rqstRcvSvcId" : "CBKCOM915000",
      "rspnRcvSvcId" : "CBKCOM915000",
      "erorRspnSvcId" : "",
      "erocSysDcd" : "APB",
      "sttlErcd" : "",
      "rqstChptDcd" : "APB",
      "rqstChptDtlsDcd" : "APB",
      "rqstChbsDcd" : "APB",
      "lrqnInopTrnGlblId" : "20181128HyunJoui-MacBook-Pro.localre184527301001",
      "lrqnInopCtntNo" : 0
    },
    "sttlTrnCopt" : {
      "ntcd" : "00",
      "bncd" : "00",
      "trnChnlDcd" : "OLT",
      "trrqBswrDcd" : "APB",
      "sttlXcd" : "CBKCOM915000",
      "cnclDcd" : "1",
      "ctntTrnDcd" : 0,
      "inptTrnSrn" : "0000000000",
      "blngFncmCd" : "001"
    },
    "sttlAmgcCopt" : {
      "dtstDcd" : "MC",
      "dtstLen" : 597,
      "tln" : "CHFEP000",
      "acitRnlModeDcd" : "1",
      "baclDcd" : "1",
      "ynbkDcd" : "2",
      "caalDcd" : "2",
      "bnkbSrn" : 0,
      "smatInqSrn" : 0,
      "brcd" : "9301"
    },
    "sttlNfchCopt" : {
      "dtstDcd" : "NC"
    },
    "sttlSvatCopt" : { },
    "sttlMsgCopt" : { },
    "sttlOpatCopt" : { },
    "sttlOtfxCopt" : { },
    "userData" : {
      "data" : {
        "TEST_CD" : "TEST",
        "INQ_YMD" : "20181121",
        "BASE_CRCD" : "KRW"
      }
    },
    "endSignal" : "@@"
  }
}
2018-11-28 18:52:15 [INFO] [2] [PreProcess] {
  "seq" : "2",
  "globalId" : "20181128HyunJoui-MacBook-Pro.localre1852152080010000",
  "standardTelegram" : {
    "sttlSysCopt" : {
      "sttlCmrsYn" : "N",
      "sttlEncpDcd" : "0",
      "sttlLnggDcd" : "KO",
      "sttlVerDsnc" : "024",
      "whbnSttlWrtnYmd" : "20181128",
      "whbnSttlCretSysNm" : "HyunJoui-MacBook-Pro.local",
      "whbnSttlSrn" : "re185215208001",
      "whbnSttlPgrsDsncNo" : 0,
      "whbnSttlPgrsNo" : 0,
      "sttlIntfAnunId" : "20181128HyunJoui-MacBook-Pro.localre1852152080010000",
      "sttlIp" : "172.20.10.2",
      "sttlMacAdrVl" : "D6A33D39F547",
      "sysEnvrInfoDcd" : "D",
      "frstRqstTs" : "20181128185215208",
      "sttlMctmUseYn" : "N",
      "sttlMctmSecVl" : 0,
      "trnmSysDcd" : "APB",
      "trnmTs" : "20181128185215208",
      "rqstRspnDcd" : "S",
      "sttlIdprVrsnSrn" : 0,
      "rqstSysDcd" : "APB",
      "rqstSysBswrDcd" : "APB",
      "sttlIntfId" : "ITRO00000035",
      "syncRspnWaitDcd" : "S",
      "etahTrnYn" : "N",
      "inptTmgtDcd" : "0",
      "sttlRqstTs" : "20181128185215208",
      "rqstRcvSvcId" : "CBKCOM915000",
      "rspnRcvSvcId" : "CBKCOM915000",
      "erorRspnSvcId" : "",
      "erocSysDcd" : "APB",
      "sttlErcd" : "",
      "rqstChptDcd" : "APB",
      "rqstChptDtlsDcd" : "APB",
      "rqstChbsDcd" : "APB",
      "lrqnInopTrnGlblId" : "20181128HyunJoui-MacBook-Pro.localre185215208001",
      "lrqnInopCtntNo" : 0
    },
    "sttlTrnCopt" : {
      "ntcd" : "00",
      "bncd" : "00",
      "trnChnlDcd" : "OLT",
      "trrqBswrDcd" : "APB",
      "sttlXcd" : "CBKCOM915000",
      "cnclDcd" : "1",
      "ctntTrnDcd" : 0,
      "inptTrnSrn" : "0000000000",
      "blngFncmCd" : "001"
    },
    "sttlAmgcCopt" : {
      "dtstDcd" : "MC",
      "dtstLen" : 597,
      "tln" : "CHFEP000",
      "acitRnlModeDcd" : "1",
      "baclDcd" : "1",
      "ynbkDcd" : "2",
      "caalDcd" : "2",
      "bnkbSrn" : 0,
      "smatInqSrn" : 0,
      "brcd" : "9301"
    },
    "sttlNfchCopt" : {
      "dtstDcd" : "NC"
    },
    "sttlSvatCopt" : { },
    "sttlMsgCopt" : { },
    "sttlOpatCopt" : { },
    "sttlOtfxCopt" : { },
    "userData" : {
      "data" : {
        "TEST_CD" : "TEST",
        "INQ_YMD" : "20181121",
        "BASE_CRCD" : "KRW"
      }
    },
    "endSignal" : "@@"
  }
}
2018-11-28 18:59:06 [INFO] [2] [PreProcess] {
  "seq" : "2",
  "globalId" : "20181128HyunJoui-MacBook-Pro.localre1859060040010000",
  "standardTelegram" : {
    "sttlSysCopt" : {
      "sttlCmrsYn" : "N",
      "sttlEncpDcd" : "0",
      "sttlLnggDcd" : "KO",
      "sttlVerDsnc" : "024",
      "whbnSttlWrtnYmd" : "20181128",
      "whbnSttlCretSysNm" : "HyunJoui-MacBook-Pro.local",
      "whbnSttlSrn" : "re185906004001",
      "whbnSttlPgrsDsncNo" : 0,
      "whbnSttlPgrsNo" : 0,
      "sttlIntfAnunId" : "20181128HyunJoui-MacBook-Pro.localre1859060040010000",
      "sttlIp" : "172.20.10.2",
      "sttlMacAdrVl" : "D6A33D39F547",
      "sysEnvrInfoDcd" : "D",
      "frstRqstTs" : "20181128185906004",
      "sttlMctmUseYn" : "N",
      "sttlMctmSecVl" : 0,
      "trnmSysDcd" : "APB",
      "trnmTs" : "20181128185906004",
      "rqstRspnDcd" : "S",
      "sttlIdprVrsnSrn" : 0,
      "rqstSysDcd" : "APB",
      "rqstSysBswrDcd" : "APB",
      "sttlIntfId" : "ITRO00000035",
      "syncRspnWaitDcd" : "S",
      "etahTrnYn" : "N",
      "inptTmgtDcd" : "0",
      "sttlRqstTs" : "20181128185906004",
      "rqstRcvSvcId" : "CBKCOM915000",
      "rspnRcvSvcId" : "CBKCOM915000",
      "erorRspnSvcId" : "",
      "erocSysDcd" : "APB",
      "sttlErcd" : "",
      "rqstChptDcd" : "APB",
      "rqstChptDtlsDcd" : "APB",
      "rqstChbsDcd" : "APB",
      "lrqnInopTrnGlblId" : "20181128HyunJoui-MacBook-Pro.localre185906004001",
      "lrqnInopCtntNo" : 0
    },
    "sttlTrnCopt" : {
      "ntcd" : "00",
      "bncd" : "00",
      "trnChnlDcd" : "OLT",
      "trrqBswrDcd" : "APB",
      "sttlXcd" : "CBKCOM915000",
      "cnclDcd" : "1",
      "ctntTrnDcd" : 0,
      "inptTrnSrn" : "0000000000",
      "blngFncmCd" : "001"
    },
    "sttlAmgcCopt" : {
      "dtstDcd" : "MC",
      "dtstLen" : 597,
      "tln" : "CHFEP000",
      "acitRnlModeDcd" : "1",
      "baclDcd" : "1",
      "ynbkDcd" : "2",
      "caalDcd" : "2",
      "bnkbSrn" : 0,
      "smatInqSrn" : 0,
      "brcd" : "9301"
    },
    "sttlNfchCopt" : {
      "dtstDcd" : "NC"
    },
    "sttlSvatCopt" : { },
    "sttlMsgCopt" : { },
    "sttlOpatCopt" : { },
    "sttlOtfxCopt" : { },
    "userData" : {
      "data" : {
        "TEST_CD" : "TEST",
        "INQ_YMD" : "20181121",
        "BASE_CRCD" : "KRW"
      }
    },
    "endSignal" : "@@"
  }
}
2018-11-28 19:00:03 [INFO] [2] [PreProcess] {
  "seq" : "2",
  "globalId" : "20181128HyunJoui-MacBook-Pro.localre1900039440010000",
  "standardTelegram" : {
    "sttlSysCopt" : {
      "sttlCmrsYn" : "N",
      "sttlEncpDcd" : "0",
      "sttlLnggDcd" : "KO",
      "sttlVerDsnc" : "024",
      "whbnSttlWrtnYmd" : "20181128",
      "whbnSttlCretSysNm" : "HyunJoui-MacBook-Pro.local",
      "whbnSttlSrn" : "re190003944001",
      "whbnSttlPgrsDsncNo" : 0,
      "whbnSttlPgrsNo" : 0,
      "sttlIntfAnunId" : "20181128HyunJoui-MacBook-Pro.localre1900039440010000",
      "sttlIp" : "172.20.10.2",
      "sttlMacAdrVl" : "D6A33D39F547",
      "sysEnvrInfoDcd" : "D",
      "frstRqstTs" : "20181128190003944",
      "sttlMctmUseYn" : "N",
      "sttlMctmSecVl" : 0,
      "trnmSysDcd" : "APB",
      "trnmTs" : "20181128190003944",
      "rqstRspnDcd" : "S",
      "sttlIdprVrsnSrn" : 0,
      "rqstSysDcd" : "APB",
      "rqstSysBswrDcd" : "APB",
      "sttlIntfId" : "ITRO00000035",
      "syncRspnWaitDcd" : "S",
      "etahTrnYn" : "N",
      "inptTmgtDcd" : "0",
      "sttlRqstTs" : "20181128190003944",
      "rqstRcvSvcId" : "CBKCOM915000",
      "rspnRcvSvcId" : "CBKCOM915000",
      "erorRspnSvcId" : "",
      "erocSysDcd" : "APB",
      "sttlErcd" : "",
      "rqstChptDcd" : "APB",
      "rqstChptDtlsDcd" : "APB",
      "rqstChbsDcd" : "APB",
      "lrqnInopTrnGlblId" : "20181128HyunJoui-MacBook-Pro.localre190003944001",
      "lrqnInopCtntNo" : 0
    },
    "sttlTrnCopt" : {
      "ntcd" : "00",
      "bncd" : "00",
      "trnChnlDcd" : "OLT",
      "trrqBswrDcd" : "APB",
      "sttlXcd" : "CBKCOM915000",
      "cnclDcd" : "1",
      "ctntTrnDcd" : 0,
      "inptTrnSrn" : "0000000000",
      "blngFncmCd" : "001"
    },
    "sttlAmgcCopt" : {
      "dtstDcd" : "MC",
      "dtstLen" : 597,
      "tln" : "CHFEP000",
      "acitRnlModeDcd" : "1",
      "baclDcd" : "1",
      "ynbkDcd" : "2",
      "caalDcd" : "2",
      "bnkbSrn" : 0,
      "smatInqSrn" : 0,
      "brcd" : "9301"
    },
    "sttlNfchCopt" : {
      "dtstDcd" : "NC"
    },
    "sttlSvatCopt" : { },
    "sttlMsgCopt" : { },
    "sttlOpatCopt" : { },
    "sttlOtfxCopt" : { },
    "userData" : {
      "data" : {
        "TEST_CD" : "TEST",
        "INQ_YMD" : "20181121",
        "BASE_CRCD" : "KRW"
      }
    },
    "endSignal" : "@@"
  }
}
2018-11-28 19:01:24 [INFO] [2] [PreProcess] {
  "seq" : "2",
  "globalId" : "20181128HyunJoui-MacBook-Pro.localre1901248340010000",
  "standardTelegram" : {
    "sttlSysCopt" : {
      "sttlCmrsYn" : "N",
      "sttlEncpDcd" : "0",
      "sttlLnggDcd" : "KO",
      "sttlVerDsnc" : "024",
      "whbnSttlWrtnYmd" : "20181128",
      "whbnSttlCretSysNm" : "HyunJoui-MacBook-Pro.local",
      "whbnSttlSrn" : "re190124834001",
      "whbnSttlPgrsDsncNo" : 0,
      "whbnSttlPgrsNo" : 0,
      "sttlIntfAnunId" : "20181128HyunJoui-MacBook-Pro.localre1901248340010000",
      "sttlIp" : "172.20.10.2",
      "sttlMacAdrVl" : "D6A33D39F547",
      "sysEnvrInfoDcd" : "D",
      "frstRqstTs" : "20181128190124834",
      "sttlMctmUseYn" : "N",
      "sttlMctmSecVl" : 0,
      "trnmSysDcd" : "APB",
      "trnmTs" : "20181128190124834",
      "rqstRspnDcd" : "S",
      "sttlIdprVrsnSrn" : 0,
      "rqstSysDcd" : "APB",
      "rqstSysBswrDcd" : "APB",
      "sttlIntfId" : "ITRO00000035",
      "syncRspnWaitDcd" : "S",
      "etahTrnYn" : "N",
      "inptTmgtDcd" : "0",
      "sttlRqstTs" : "20181128190124834",
      "rqstRcvSvcId" : "CBKCOM915000",
      "rspnRcvSvcId" : "CBKCOM915000",
      "erorRspnSvcId" : "",
      "erocSysDcd" : "APB",
      "sttlErcd" : "",
      "rqstChptDcd" : "APB",
      "rqstChptDtlsDcd" : "APB",
      "rqstChbsDcd" : "APB",
      "lrqnInopTrnGlblId" : "20181128HyunJoui-MacBook-Pro.localre190124834001",
      "lrqnInopCtntNo" : 0
    },
    "sttlTrnCopt" : {
      "ntcd" : "00",
      "bncd" : "00",
      "trnChnlDcd" : "OLT",
      "trrqBswrDcd" : "APB",
      "sttlXcd" : "CBKCOM915000",
      "cnclDcd" : "1",
      "ctntTrnDcd" : 0,
      "inptTrnSrn" : "0000000000",
      "blngFncmCd" : "001"
    },
    "sttlAmgcCopt" : {
      "dtstDcd" : "MC",
      "dtstLen" : 597,
      "tln" : "CHFEP000",
      "acitRnlModeDcd" : "1",
      "baclDcd" : "1",
      "ynbkDcd" : "2",
      "caalDcd" : "2",
      "bnkbSrn" : 0,
      "smatInqSrn" : 0,
      "brcd" : "9301"
    },
    "sttlNfchCopt" : {
      "dtstDcd" : "NC"
    },
    "sttlSvatCopt" : { },
    "sttlMsgCopt" : { },
    "sttlOpatCopt" : { },
    "sttlOtfxCopt" : { },
    "userData" : {
      "data" : {
        "TEST_CD" : "TEST",
        "INQ_YMD" : "20181121",
        "BASE_CRCD" : "KRW"
      }
    },
    "endSignal" : "@@"
  }
}
2018-11-28 19:03:22 [INFO] [2] [PreProcess] {
  "seq" : "2",
  "globalId" : "20181128HyunJoui-MacBook-Pro.localre1903224210010000",
  "standardTelegram" : {
    "sttlSysCopt" : {
      "sttlCmrsYn" : "N",
      "sttlEncpDcd" : "0",
      "sttlLnggDcd" : "KO",
      "sttlVerDsnc" : "024",
      "whbnSttlWrtnYmd" : "20181128",
      "whbnSttlCretSysNm" : "HyunJoui-MacBook-Pro.local",
      "whbnSttlSrn" : "re190322421001",
      "whbnSttlPgrsDsncNo" : 0,
      "whbnSttlPgrsNo" : 0,
      "sttlIntfAnunId" : "20181128HyunJoui-MacBook-Pro.localre1903224210010000",
      "sttlIp" : "172.20.10.2",
      "sttlMacAdrVl" : "D6A33D39F547",
      "sysEnvrInfoDcd" : "D",
      "frstRqstTs" : "20181128190322421",
      "sttlMctmUseYn" : "N",
      "sttlMctmSecVl" : 0,
      "trnmSysDcd" : "APB",
      "trnmTs" : "20181128190322421",
      "rqstRspnDcd" : "S",
      "sttlIdprVrsnSrn" : 0,
      "rqstSysDcd" : "APB",
      "rqstSysBswrDcd" : "APB",
      "sttlIntfId" : "ITRO00000035",
      "syncRspnWaitDcd" : "S",
      "etahTrnYn" : "N",
      "inptTmgtDcd" : "0",
      "sttlRqstTs" : "20181128190322421",
      "rqstRcvSvcId" : "CBKCOM915000",
      "rspnRcvSvcId" : "CBKCOM915000",
      "erorRspnSvcId" : "",
      "erocSysDcd" : "APB",
      "sttlErcd" : "",
      "rqstChptDcd" : "APB",
      "rqstChptDtlsDcd" : "APB",
      "rqstChbsDcd" : "APB",
      "lrqnInopTrnGlblId" : "20181128HyunJoui-MacBook-Pro.localre190322421001",
      "lrqnInopCtntNo" : 0
    },
    "sttlTrnCopt" : {
      "ntcd" : "00",
      "bncd" : "00",
      "trnChnlDcd" : "OLT",
      "trrqBswrDcd" : "APB",
      "sttlXcd" : "CBKCOM915000",
      "cnclDcd" : "1",
      "ctntTrnDcd" : 0,
      "inptTrnSrn" : "0000000000",
      "blngFncmCd" : "001"
    },
    "sttlAmgcCopt" : {
      "dtstDcd" : "MC",
      "dtstLen" : 597,
      "tln" : "CHFEP000",
      "acitRnlModeDcd" : "1",
      "baclDcd" : "1",
      "ynbkDcd" : "2",
      "caalDcd" : "2",
      "bnkbSrn" : 0,
      "smatInqSrn" : 0,
      "brcd" : "9301"
    },
    "sttlNfchCopt" : {
      "dtstDcd" : "NC"
    },
    "sttlSvatCopt" : { },
    "sttlMsgCopt" : { },
    "sttlOpatCopt" : { },
    "sttlOtfxCopt" : { },
    "userData" : {
      "data" : {
        "TEST_CD" : "TEST",
        "INQ_YMD" : "20181121",
        "BASE_CRCD" : "KRW"
      }
    },
    "endSignal" : "@@"
  }
}
2018-11-28 19:06:32 [INFO] [2] [PreProcess] {
  "seq" : "2",
  "globalId" : "20181128HyunJoui-MacBook-Pro.localre1906325410010000",
  "standardTelegram" : {
    "sttlSysCopt" : {
      "sttlCmrsYn" : "N",
      "sttlEncpDcd" : "0",
      "sttlLnggDcd" : "KO",
      "sttlVerDsnc" : "024",
      "whbnSttlWrtnYmd" : "20181128",
      "whbnSttlCretSysNm" : "HyunJoui-MacBook-Pro.local",
      "whbnSttlSrn" : "re190632541001",
      "whbnSttlPgrsDsncNo" : 0,
      "whbnSttlPgrsNo" : 0,
      "sttlIntfAnunId" : "20181128HyunJoui-MacBook-Pro.localre1906325410010000",
      "sttlIp" : "172.20.10.2",
      "sttlMacAdrVl" : "D6A33D39F547",
      "sysEnvrInfoDcd" : "D",
      "frstRqstTs" : "20181128190632541",
      "sttlMctmUseYn" : "N",
      "sttlMctmSecVl" : 0,
      "trnmSysDcd" : "APB",
      "trnmTs" : "20181128190632541",
      "rqstRspnDcd" : "S",
      "sttlIdprVrsnSrn" : 0,
      "rqstSysDcd" : "APB",
      "rqstSysBswrDcd" : "APB",
      "sttlIntfId" : "ITRO00000035",
      "syncRspnWaitDcd" : "S",
      "etahTrnYn" : "N",
      "inptTmgtDcd" : "0",
      "sttlRqstTs" : "20181128190632541",
      "rqstRcvSvcId" : "CBKCOM915000",
      "rspnRcvSvcId" : "CBKCOM915000",
      "erorRspnSvcId" : "",
      "erocSysDcd" : "APB",
      "sttlErcd" : "",
      "rqstChptDcd" : "APB",
      "rqstChptDtlsDcd" : "APB",
      "rqstChbsDcd" : "APB",
      "lrqnInopTrnGlblId" : "20181128HyunJoui-MacBook-Pro.localre190632541001",
      "lrqnInopCtntNo" : 0
    },
    "sttlTrnCopt" : {
      "ntcd" : "00",
      "bncd" : "00",
      "trnChnlDcd" : "OLT",
      "trrqBswrDcd" : "APB",
      "sttlXcd" : "CBKCOM915000",
      "cnclDcd" : "1",
      "ctntTrnDcd" : 0,
      "inptTrnSrn" : "0000000000",
      "blngFncmCd" : "001"
    },
    "sttlAmgcCopt" : {
      "dtstDcd" : "MC",
      "dtstLen" : 597,
      "tln" : "CHFEP000",
      "acitRnlModeDcd" : "1",
      "baclDcd" : "1",
      "ynbkDcd" : "2",
      "caalDcd" : "2",
      "bnkbSrn" : 0,
      "smatInqSrn" : 0,
      "brcd" : "9301"
    },
    "sttlNfchCopt" : {
      "dtstDcd" : "NC"
    },
    "sttlSvatCopt" : { },
    "sttlMsgCopt" : { },
    "sttlOpatCopt" : { },
    "sttlOtfxCopt" : { },
    "userData" : {
      "data" : {
        "TEST_CD" : "TEST",
        "INQ_YMD" : "20181121",
        "BASE_CRCD" : "KRW"
      }
    },
    "endSignal" : "@@"
  }
}
2018-11-28 19:09:07 [INFO] [2] [PreProcess] {
  "seq" : "2",
  "globalId" : "20181128HyunJoui-MacBook-Pro.localre1909076120010000",
  "standardTelegram" : {
    "sttlSysCopt" : {
      "sttlCmrsYn" : "N",
      "sttlEncpDcd" : "0",
      "sttlLnggDcd" : "KO",
      "sttlVerDsnc" : "024",
      "whbnSttlWrtnYmd" : "20181128",
      "whbnSttlCretSysNm" : "HyunJoui-MacBook-Pro.local",
      "whbnSttlSrn" : "re190907612001",
      "whbnSttlPgrsDsncNo" : 0,
      "whbnSttlPgrsNo" : 0,
      "sttlIntfAnunId" : "20181128HyunJoui-MacBook-Pro.localre1909076120010000",
      "sttlIp" : "172.20.10.2",
      "sttlMacAdrVl" : "D6A33D39F547",
      "sysEnvrInfoDcd" : "D",
      "frstRqstTs" : "20181128190907612",
      "sttlMctmUseYn" : "N",
      "sttlMctmSecVl" : 0,
      "trnmSysDcd" : "APB",
      "trnmTs" : "20181128190907612",
      "rqstRspnDcd" : "S",
      "sttlIdprVrsnSrn" : 0,
      "rqstSysDcd" : "APB",
      "rqstSysBswrDcd" : "APB",
      "sttlIntfId" : "ITRO00000035",
      "syncRspnWaitDcd" : "S",
      "etahTrnYn" : "N",
      "inptTmgtDcd" : "0",
      "sttlRqstTs" : "20181128190907612",
      "rqstRcvSvcId" : "CBKCOM915000",
      "rspnRcvSvcId" : "CBKCOM915000",
      "erorRspnSvcId" : "",
      "erocSysDcd" : "APB",
      "sttlErcd" : "",
      "rqstChptDcd" : "APB",
      "rqstChptDtlsDcd" : "APB",
      "rqstChbsDcd" : "APB",
      "ssoUseYn" : "N",
      "lrqnInopTrnGlblId" : "20181128HyunJoui-MacBook-Pro.localre190907612001",
      "lrqnInopCtntNo" : 0
    },
    "sttlTrnCopt" : {
      "trnChnlDcd" : "OLT",
      "trrqBswrDcd" : "APB",
      "sttlXcd" : "CBKCOM915000",
      "cnclDcd" : "1",
      "ctntTrnDcd" : 0,
      "inptTrnSrn" : "0000000000",
      "blngFncmCd" : "001",
      "tcslInfoTrnKcd" : 0,
      "extTrnInttDcd" : "1",
      "extTrnUnqId" : "1",
      "extLnkIntfId" : "1",
      "extTrnSsnId" : "1",
      "extTrnRutnId" : "1",
      "trnCoptFlop" : "1"
    },
    "sttlAmgcCopt" : {
      "dtstDcd" : "MC",
      "dtstLen" : 597,
      "ingnSqnMctlSrn" : 0,
      "tln" : "CHFEP000",
      "acitRnlModeDcd" : "1",
      "baclDcd" : "1",
      "ynbkDcd" : "2",
      "caalDcd" : "2",
      "bnkbSrn" : 0,
      "smatInqSrn" : 0,
      "brcd" : "9301"
    },
    "sttlNfchCopt" : {
      "dtstDcd" : "NC"
    },
    "sttlSvatCopt" : { },
    "sttlMsgCopt" : { },
    "sttlOpatCopt" : { },
    "sttlOtfxCopt" : { },
    "userData" : {
      "data" : {
        "TEST_CD" : "TEST",
        "INQ_YMD" : "20181121",
        "BASE_CRCD" : "KRW"
      }
    },
    "endSignal" : "@@"
  }
}
2018-11-28 19:12:48 [INFO] [2] [PreProcess] {
  "seq" : "2",
  "globalId" : "20181128HyunJoui-MacBook-Pro.localre1912486150010000",
  "standardTelegram" : {
    "sttlSysCopt" : {
      "sttlCmrsYn" : "N",
      "sttlEncpDcd" : "0",
      "sttlLnggDcd" : "KO",
      "sttlVerDsnc" : "024",
      "whbnSttlWrtnYmd" : "20181128",
      "whbnSttlCretSysNm" : "HyunJoui-MacBook-Pro.local",
      "whbnSttlSrn" : "re191248615001",
      "whbnSttlPgrsDsncNo" : 0,
      "whbnSttlPgrsNo" : 0,
      "sttlIntfAnunId" : "20181128HyunJoui-MacBook-Pro.localre1912486150010000",
      "sttlIp" : "172.20.10.2",
      "sttlMacAdrVl" : "D6A33D39F547",
      "sysEnvrInfoDcd" : "D",
      "frstRqstTs" : "20181128191248615",
      "sttlMctmUseYn" : "N",
      "sttlMctmSecVl" : 0,
      "trnmSysDcd" : "APB",
      "trnmTs" : "20181128191248615",
      "rqstRspnDcd" : "S",
      "sttlIdprVrsnSrn" : 0,
      "rqstSysDcd" : "APB",
      "rqstSysBswrDcd" : "APB",
      "sttlIntfId" : "ITRO00000035",
      "syncRspnWaitDcd" : "S",
      "etahTrnYn" : "N",
      "inptTmgtDcd" : "0",
      "sttlRqstTs" : "20181128191248615",
      "rqstRcvSvcId" : "CBKCOM915000",
      "rspnRcvSvcId" : "CBKCOM915000",
      "erorRspnSvcId" : "",
      "erocSysDcd" : "APB",
      "sttlErcd" : "",
      "rqstChptDcd" : "APB",
      "rqstChptDtlsDcd" : "APB",
      "rqstChbsDcd" : "APB",
      "ssoUseYn" : "N",
      "lrqnInopTrnGlblId" : "20181128HyunJoui-MacBook-Pro.localre191248615001",
      "lrqnInopCtntNo" : 0
    },
    "sttlTrnCopt" : {
      "trnChnlDcd" : "OLT",
      "trrqBswrDcd" : "APB",
      "sttlXcd" : "CBKCOM915000",
      "cnclDcd" : "1",
      "ctntTrnDcd" : 0,
      "inptTrnSrn" : "0000000000",
      "blngFncmCd" : "001",
      "tcslInfoTrnKcd" : 0,
      "extTrnInttDcd" : "1",
      "extTrnUnqId" : "1",
      "extLnkIntfId" : "1",
      "extTrnSsnId" : "1",
      "extTrnRutnId" : "1",
      "trnCoptFlop" : "1"
    },
    "sttlAmgcCopt" : {
      "dtstDcd" : "MC",
      "dtstLen" : 597,
      "ingnSqnMctlSrn" : 0,
      "tln" : "CHFEP000",
      "acitRnlModeDcd" : "1",
      "baclDcd" : "1",
      "ynbkDcd" : "2",
      "caalDcd" : "2",
      "bnkbSrn" : 0,
      "smatInqSrn" : 0,
      "brcd" : "9301"
    },
    "sttlNfchCopt" : {
      "dtstDcd" : "NC"
    },
    "sttlSvatCopt" : { },
    "sttlMsgCopt" : { },
    "sttlOpatCopt" : { },
    "sttlOtfxCopt" : { },
    "userData" : {
      "data" : {
        "TEST_CD" : "TEST",
        "INQ_YMD" : "20181121",
        "BASE_CRCD" : "KRW"
      }
    },
    "endSignal" : "@@"
  }
}
2018-11-28 19:13:46 [INFO] [2] [PreProcess] {
  "seq" : "2",
  "globalId" : "20181128HyunJoui-MacBook-Pro.localre1913464410010000",
  "standardTelegram" : {
    "sttlSysCopt" : {
      "sttlCmrsYn" : "N",
      "sttlEncpDcd" : "0",
      "sttlLnggDcd" : "KO",
      "sttlVerDsnc" : "024",
      "whbnSttlWrtnYmd" : "20181128",
      "whbnSttlCretSysNm" : "HyunJoui-MacBook-Pro.local",
      "whbnSttlSrn" : "re191346441001",
      "whbnSttlPgrsDsncNo" : 0,
      "whbnSttlPgrsNo" : 0,
      "sttlIntfAnunId" : "20181128HyunJoui-MacBook-Pro.localre1913464410010000",
      "sttlIp" : "172.20.10.2",
      "sttlMacAdrVl" : "D6A33D39F547",
      "sysEnvrInfoDcd" : "D",
      "frstRqstTs" : "20181128191346441",
      "sttlMctmUseYn" : "N",
      "sttlMctmSecVl" : 0,
      "trnmSysDcd" : "APB",
      "trnmTs" : "20181128191346441",
      "rqstRspnDcd" : "S",
      "sttlIdprVrsnSrn" : 0,
      "rqstSysDcd" : "APB",
      "rqstSysBswrDcd" : "APB",
      "sttlIntfId" : "ITRO00000035",
      "syncRspnWaitDcd" : "S",
      "etahTrnYn" : "N",
      "inptTmgtDcd" : "0",
      "sttlRqstTs" : "20181128191346441",
      "rqstRcvSvcId" : "CBKCOM915000",
      "rspnRcvSvcId" : "CBKCOM915000",
      "erorRspnSvcId" : "",
      "erocSysDcd" : "APB",
      "sttlErcd" : "",
      "rqstChptDcd" : "APB",
      "rqstChptDtlsDcd" : "APB",
      "rqstChbsDcd" : "APB",
      "ssoUseYn" : "N",
      "lrqnInopTrnGlblId" : "20181128HyunJoui-MacBook-Pro.localre191346441001",
      "lrqnInopCtntNo" : 0
    },
    "sttlTrnCopt" : {
      "trnChnlDcd" : "OLT",
      "trrqBswrDcd" : "APB",
      "sttlXcd" : "CBKCOM915000",
      "cnclDcd" : "1",
      "ctntTrnDcd" : 0,
      "inptTrnSrn" : "0000000000",
      "blngFncmCd" : "001",
      "tcslInfoTrnKcd" : 0,
      "extTrnInttDcd" : "1",
      "extTrnUnqId" : "1",
      "extLnkIntfId" : "1",
      "extTrnSsnId" : "1",
      "extTrnRutnId" : "1",
      "trnCoptFlop" : "1"
    },
    "sttlAmgcCopt" : {
      "dtstDcd" : "MC",
      "dtstLen" : 597,
      "ingnSqnMctlSrn" : 0,
      "tln" : "CHFEP000",
      "acitRnlModeDcd" : "1",
      "baclDcd" : "1",
      "ynbkDcd" : "2",
      "caalDcd" : "2",
      "bnkbSrn" : 0,
      "smatInqSrn" : 0,
      "brcd" : "9301"
    },
    "sttlNfchCopt" : {
      "dtstDcd" : "NC"
    },
    "sttlSvatCopt" : { },
    "sttlMsgCopt" : { },
    "sttlOpatCopt" : { },
    "sttlOtfxCopt" : { },
    "userData" : {
      "data" : {
        "TEST_CD" : "TEST",
        "INQ_YMD" : "20181121",
        "BASE_CRCD" : "KRW"
      }
    },
    "endSignal" : "@@"
  }
}
2018-11-28 19:17:33 [INFO] [2] [PreProcess] {
  "seq" : "2",
  "globalId" : "20181128HyunJoui-MacBook-Pro.localre1917330850010000",
  "standardTelegram" : {
    "sttlSysCopt" : {
      "sttlCmrsYn" : "N",
      "sttlEncpDcd" : "0",
      "sttlLnggDcd" : "KO",
      "sttlVerDsnc" : "024",
      "whbnSttlWrtnYmd" : "20181128",
      "whbnSttlCretSysNm" : "HyunJoui-MacBook-Pro.local",
      "whbnSttlSrn" : "re191733085001",
      "whbnSttlPgrsDsncNo" : 0,
      "whbnSttlPgrsNo" : 0,
      "sttlIntfAnunId" : "20181128HyunJoui-MacBook-Pro.localre1917330850010000",
      "sttlIp" : "172.20.10.2",
      "sttlMacAdrVl" : "D6A33D39F547",
      "sysEnvrInfoDcd" : "D",
      "frstRqstTs" : "20181128191733085",
      "sttlMctmUseYn" : "N",
      "sttlMctmSecVl" : 0,
      "trnmSysDcd" : "APB",
      "trnmTs" : "20181128191733085",
      "rqstRspnDcd" : "S",
      "sttlIdprVrsnSrn" : 0,
      "rqstSysDcd" : "APB",
      "rqstSysBswrDcd" : "APB",
      "sttlIntfId" : "ITRO00000035",
      "syncRspnWaitDcd" : "S",
      "etahTrnYn" : "N",
      "inptTmgtDcd" : "0",
      "sttlRqstTs" : "20181128191733085",
      "rqstRcvSvcId" : "CBKCOM915000",
      "rspnRcvSvcId" : "CBKCOM915000",
      "erorRspnSvcId" : "",
      "erocSysDcd" : "APB",
      "sttlErcd" : "",
      "rqstChptDcd" : "APB",
      "rqstChptDtlsDcd" : "APB",
      "rqstChbsDcd" : "APB",
      "ssoUseYn" : "N",
      "lrqnInopTrnGlblId" : "20181128HyunJoui-MacBook-Pro.localre191733085001",
      "lrqnInopCtntNo" : 0
    },
    "sttlTrnCopt" : {
      "trnChnlDcd" : "OLT",
      "trrqBswrDcd" : "APB",
      "sttlXcd" : "CBKCOM915000",
      "cnclDcd" : "1",
      "ctntTrnDcd" : 0,
      "inptTrnSrn" : "0000000000",
      "blngFncmCd" : "001",
      "tcslInfoTrnKcd" : 0,
      "extTrnInttDcd" : "1",
      "extTrnUnqId" : "1",
      "extLnkIntfId" : "1",
      "extTrnSsnId" : "1",
      "extTrnRutnId" : "1",
      "trnCoptFlop" : "1"
    },
    "sttlAmgcCopt" : {
      "dtstDcd" : "MC",
      "dtstLen" : 597,
      "ingnSqnMctlSrn" : 0,
      "tln" : "CHFEP000",
      "acitRnlModeDcd" : "1",
      "baclDcd" : "1",
      "ynbkDcd" : "2",
      "caalDcd" : "2",
      "bnkbSrn" : 0,
      "smatInqSrn" : 0,
      "brcd" : "9301"
    },
    "sttlNfchCopt" : {
      "dtstDcd" : "NC"
    },
    "sttlSvatCopt" : { },
    "sttlMsgCopt" : { },
    "sttlOpatCopt" : { },
    "sttlOtfxCopt" : { },
    "userData" : {
      "data" : {
        "TEST_CD" : "TEST",
        "INQ_YMD" : "20181121",
        "BASE_CRCD" : "KRW"
      }
    },
    "endSignal" : "@@"
  }
}
2018-11-28 19:17:33 [INFO] [5] [AfterProcess] {
  "seq" : "5",
  "globalId" : "20181128HyunJouire1917330850010000",
  "standardTelegram" : {
    "sttlSysCopt" : {
      "sttlLen" : 1450,
      "sttlCmrsYn" : "N",
      "sttlEncpDcd" : "0",
      "sttlLnggDcd" : "KO",
      "sttlVerDsnc" : "024",
      "whbnSttlWrtnYmd" : "20181128",
      "whbnSttlCretSysNm" : "HyunJoui",
      "whbnSttlSrn" : "re191733085001",
      "whbnSttlPgrsDsncNo" : 0,
      "whbnSttlPgrsNo" : 0,
      "sttlIntfAnunId" : "20181128HyunJoui-MacBook-Pro.local",
      "sttlIp" : "172.20.10.2",
      "sttlMacAdrVl" : "D6A33D39F547",
      "sysEnvrInfoDcd" : "D",
      "frstRqstTs" : "20181128191733085",
      "sttlMctmUseYn" : "N",
      "sttlMctmSecVl" : 0,
      "trnmSysDcd" : "GMC",
      "trnmTs" : "20181128191733085",
      "rqstRspnDcd" : "S",
      "sttlIdprVrsnSrn" : 0,
      "rqstSysDcd" : "APB",
      "rqstSysBswrDcd" : "APB",
      "sttlIntfId" : "ITRO00000035",
      "syncRspnWaitDcd" : "S",
      "etahTrnYn" : "N",
      "inptTmgtDcd" : "0",
      "sttlRqstTs" : "20181128191733085",
      "rqstRcvSvcId" : "CBKCOM915000",
      "rspnRcvSvcId" : "CBKCOM915000",
      "bidRspnRcvPortNo" : 0,
      "erocSysDcd" : "APB",
      "rqstChptDcd" : "APB",
      "rqstChptDtlsDcd" : "APB",
      "rqstChbsDcd" : "APB",
      "ssoUseYn" : "N",
      "lrqnInopTrnGlblId" : "20181128HyunJoui-MacBook-Pro.l",
      "lrqnInopCtntNo" : 0
    },
    "sttlTrnCopt" : {
      "trnChnlDcd" : "OLT",
      "trrqBswrDcd" : "APB",
      "sttlXcd" : "CBKCOM915000",
      "cnclDcd" : "1",
      "ctntTrnDcd" : 0,
      "inptTrnSrn" : "0000000000",
      "blngFncmCd" : "001",
      "tcslInfoTrnKcd" : 0,
      "extTrnInttDcd" : "1",
      "extTrnUnqId" : "1",
      "extLnkIntfId" : "1",
      "extTrnSsnId" : "1",
      "extTrnRutnId" : "1",
      "trnCoptFlop" : "1"
    },
    "sttlAmgcCopt" : {
      "dtstDcd" : "MC",
      "dtstLen" : 124,
      "ingnSqnMctlSrn" : 0,
      "tln" : "CHFEP000",
      "acitRnlModeDcd" : "1",
      "baclDcd" : "1",
      "ynbkDcd" : "2",
      "caalDcd" : "2",
      "bnkbSrn" : 0,
      "smatInqSrn" : 0,
      "brcd" : "9301",
      "wonCashBal" : 0,
      "obrcAmt" : 0,
      "wonAltrDfamAmt" : 0
    },
    "sttlNfchCopt" : {
      "dtstDcd" : "NC",
      "dtstLen" : 597,
      "srvrOtptRqstNbi" : 0
    },
    "sttlSvatCopt" : { },
    "sttlMsgCopt" : { },
    "sttlOpatCopt" : { },
    "sttlOtfxCopt" : { },
    "userData" : {
      "dtstDcd" : "IO",
      "dtstLen" : 9,
      "data" : {
        "TEST_CD" : "TEST",
        "TEST_ARRAY_ROWCOUNT" : "00000"
      }
    },
    "endSignal" : "@@"
  }
}
2018-11-28 19:17:33 [INFO] [6] [FROM OUT ADAPTER] {
  "seq" : "6",
  "globalId" : "20181128HyunJouire1917330850010000",
  "standardTelegram" : {
    "sttlSysCopt" : {
      "sttlLen" : 1450,
      "sttlCmrsYn" : "N",
      "sttlEncpDcd" : "0",
      "sttlLnggDcd" : "KO",
      "sttlVerDsnc" : "024",
      "whbnSttlWrtnYmd" : "20181128",
      "whbnSttlCretSysNm" : "HyunJoui",
      "whbnSttlSrn" : "re191733085001",
      "whbnSttlPgrsDsncNo" : 0,
      "whbnSttlPgrsNo" : 0,
      "sttlIntfAnunId" : "20181128HyunJoui-MacBook-Pro.local",
      "sttlIp" : "172.20.10.2",
      "sttlMacAdrVl" : "D6A33D39F547",
      "sysEnvrInfoDcd" : "D",
      "frstRqstTs" : "20181128191733085",
      "sttlMctmUseYn" : "N",
      "sttlMctmSecVl" : 0,
      "trnmSysDcd" : "GMC",
      "trnmTs" : "20181128191733085",
      "rqstRspnDcd" : "S",
      "sttlIdprVrsnSrn" : 0,
      "rqstSysDcd" : "APB",
      "rqstSysBswrDcd" : "APB",
      "sttlIntfId" : "ITRO00000035",
      "syncRspnWaitDcd" : "S",
      "etahTrnYn" : "N",
      "inptTmgtDcd" : "0",
      "sttlRqstTs" : "20181128191733085",
      "rqstRcvSvcId" : "CBKCOM915000",
      "rspnRcvSvcId" : "CBKCOM915000",
      "bidRspnRcvPortNo" : 0,
      "erocSysDcd" : "APB",
      "rqstChptDcd" : "APB",
      "rqstChptDtlsDcd" : "APB",
      "rqstChbsDcd" : "APB",
      "ssoUseYn" : "N",
      "lrqnInopTrnGlblId" : "20181128HyunJoui-MacBook-Pro.l",
      "lrqnInopCtntNo" : 0
    },
    "sttlTrnCopt" : {
      "trnChnlDcd" : "OLT",
      "trrqBswrDcd" : "APB",
      "sttlXcd" : "CBKCOM915000",
      "cnclDcd" : "1",
      "ctntTrnDcd" : 0,
      "inptTrnSrn" : "0000000000",
      "blngFncmCd" : "001",
      "tcslInfoTrnKcd" : 0,
      "extTrnInttDcd" : "1",
      "extTrnUnqId" : "1",
      "extLnkIntfId" : "1",
      "extTrnSsnId" : "1",
      "extTrnRutnId" : "1",
      "trnCoptFlop" : "1"
    },
    "sttlAmgcCopt" : {
      "dtstDcd" : "MC",
      "dtstLen" : 124,
      "ingnSqnMctlSrn" : 0,
      "tln" : "CHFEP000",
      "acitRnlModeDcd" : "1",
      "baclDcd" : "1",
      "ynbkDcd" : "2",
      "caalDcd" : "2",
      "bnkbSrn" : 0,
      "smatInqSrn" : 0,
      "brcd" : "9301",
      "wonCashBal" : 0,
      "obrcAmt" : 0,
      "wonAltrDfamAmt" : 0
    },
    "sttlNfchCopt" : {
      "dtstDcd" : "NC",
      "dtstLen" : 597,
      "srvrOtptRqstNbi" : 0
    },
    "sttlSvatCopt" : { },
    "sttlMsgCopt" : { },
    "sttlOpatCopt" : { },
    "sttlOtfxCopt" : { },
    "userData" : {
      "dtstDcd" : "IO",
      "dtstLen" : 9,
      "data" : {
        "TEST_CD" : "TEST",
        "TEST_ARRAY_ROWCOUNT" : "00000"
      }
    },
    "endSignal" : "@@"
  }
}
2018-11-28 19:20:45 [INFO] [2] [PreProcess] {
  "seq" : "2",
  "globalId" : "20181128HyunJoui-MacBook-Pro.localre1920450140010000",
  "standardTelegram" : {
    "sttlSysCopt" : {
      "sttlCmrsYn" : "N",
      "sttlEncpDcd" : "0",
      "sttlLnggDcd" : "KO",
      "sttlVerDsnc" : "024",
      "whbnSttlWrtnYmd" : "20181128",
      "whbnSttlCretSysNm" : "HyunJoui-MacBook-Pro.local",
      "whbnSttlSrn" : "re192045014001",
      "whbnSttlPgrsDsncNo" : 0,
      "whbnSttlPgrsNo" : 0,
      "sttlIntfAnunId" : "20181128HyunJoui-MacBook-Pro.localre1920450140010000",
      "sttlIp" : "",
      "sttlMacAdrVl" : "",
      "sysEnvrInfoDcd" : "D",
      "frstRqstTs" : "20181128192045014",
      "sttlMctmUseYn" : "N",
      "sttlMctmSecVl" : 0,
      "trnmSysDcd" : "APB",
      "trnmTs" : "20181128192045014",
      "rqstRspnDcd" : "S",
      "sttlIdprVrsnSrn" : 0,
      "rqstSysDcd" : "APB",
      "rqstSysBswrDcd" : "APB",
      "sttlIntfId" : "ITRO00000035",
      "syncRspnWaitDcd" : "S",
      "etahTrnYn" : "N",
      "inptTmgtDcd" : "0",
      "sttlRqstTs" : "20181128192045014",
      "rqstRcvSvcId" : "CBKCOM915000",
      "rspnRcvSvcId" : "CBKCOM915000",
      "erorRspnSvcId" : "",
      "erocSysDcd" : "APB",
      "sttlErcd" : "",
      "rqstChptDcd" : "APB",
      "rqstChptDtlsDcd" : "APB",
      "rqstChbsDcd" : "APB",
      "ssoUseYn" : "N",
      "lrqnInopTrnGlblId" : "20181128HyunJoui-MacBook-Pro.localre192045014001",
      "lrqnInopCtntNo" : 0
    },
    "sttlTrnCopt" : {
      "trnChnlDcd" : "OLT",
      "trrqBswrDcd" : "APB",
      "sttlXcd" : "CBKCOM915000",
      "cnclDcd" : "1",
      "ctntTrnDcd" : 0,
      "inptTrnSrn" : "0000000000",
      "blngFncmCd" : "001",
      "tcslInfoTrnKcd" : 0,
      "extTrnInttDcd" : "1",
      "extTrnUnqId" : "1",
      "extLnkIntfId" : "1",
      "extTrnSsnId" : "1",
      "extTrnRutnId" : "1",
      "trnCoptFlop" : "1"
    },
    "sttlAmgcCopt" : {
      "dtstDcd" : "MC",
      "dtstLen" : 597,
      "ingnSqnMctlSrn" : 0,
      "tln" : "CHFEP000",
      "acitRnlModeDcd" : "1",
      "baclDcd" : "1",
      "ynbkDcd" : "2",
      "caalDcd" : "2",
      "bnkbSrn" : 0,
      "smatInqSrn" : 0,
      "brcd" : "9301"
    },
    "sttlNfchCopt" : {
      "dtstDcd" : "NC"
    },
    "sttlSvatCopt" : { },
    "sttlMsgCopt" : { },
    "sttlOpatCopt" : { },
    "sttlOtfxCopt" : { },
    "userData" : {
      "data" : {
        "TEST_CD" : "TEST",
        "INQ_YMD" : "20181121",
        "BASE_CRCD" : "KRW"
      }
    },
    "endSignal" : "@@"
  }
}
2018-11-28 19:20:45 [INFO] [5] [AfterProcess] {
  "seq" : "5",
  "globalId" : "20181128HyunJouire1920450140010000",
  "standardTelegram" : {
    "sttlSysCopt" : {
      "sttlLen" : 1450,
      "sttlCmrsYn" : "N",
      "sttlEncpDcd" : "0",
      "sttlLnggDcd" : "KO",
      "sttlVerDsnc" : "024",
      "whbnSttlWrtnYmd" : "20181128",
      "whbnSttlCretSysNm" : "HyunJoui",
      "whbnSttlSrn" : "re192045014001",
      "whbnSttlPgrsDsncNo" : 0,
      "whbnSttlPgrsNo" : 0,
      "sttlIntfAnunId" : "20181128HyunJoui-MacBook-Pro.local",
      "sysEnvrInfoDcd" : "D",
      "frstRqstTs" : "20181128192045014",
      "sttlMctmUseYn" : "N",
      "sttlMctmSecVl" : 0,
      "trnmSysDcd" : "GMC",
      "trnmTs" : "20181128192045014",
      "rqstRspnDcd" : "S",
      "sttlIdprVrsnSrn" : 0,
      "rqstSysDcd" : "APB",
      "rqstSysBswrDcd" : "APB",
      "sttlIntfId" : "ITRO00000035",
      "syncRspnWaitDcd" : "S",
      "etahTrnYn" : "N",
      "inptTmgtDcd" : "0",
      "sttlRqstTs" : "20181128192045014",
      "rqstRcvSvcId" : "CBKCOM915000",
      "rspnRcvSvcId" : "CBKCOM915000",
      "bidRspnRcvPortNo" : 0,
      "erocSysDcd" : "APB",
      "rqstChptDcd" : "APB",
      "rqstChptDtlsDcd" : "APB",
      "rqstChbsDcd" : "APB",
      "ssoUseYn" : "N",
      "lrqnInopTrnGlblId" : "20181128HyunJoui-MacBook-Pro.l",
      "lrqnInopCtntNo" : 0
    },
    "sttlTrnCopt" : {
      "trnChnlDcd" : "OLT",
      "trrqBswrDcd" : "APB",
      "sttlXcd" : "CBKCOM915000",
      "cnclDcd" : "1",
      "ctntTrnDcd" : 0,
      "inptTrnSrn" : "0000000000",
      "blngFncmCd" : "001",
      "tcslInfoTrnKcd" : 0,
      "extTrnInttDcd" : "1",
      "extTrnUnqId" : "1",
      "extLnkIntfId" : "1",
      "extTrnSsnId" : "1",
      "extTrnRutnId" : "1",
      "trnCoptFlop" : "1"
    },
    "sttlAmgcCopt" : {
      "dtstDcd" : "MC",
      "dtstLen" : 124,
      "ingnSqnMctlSrn" : 0,
      "tln" : "CHFEP000",
      "acitRnlModeDcd" : "1",
      "baclDcd" : "1",
      "ynbkDcd" : "2",
      "caalDcd" : "2",
      "bnkbSrn" : 0,
      "smatInqSrn" : 0,
      "brcd" : "9301",
      "wonCashBal" : 0,
      "obrcAmt" : 0,
      "wonAltrDfamAmt" : 0
    },
    "sttlNfchCopt" : {
      "dtstDcd" : "NC",
      "dtstLen" : 597,
      "srvrOtptRqstNbi" : 0
    },
    "sttlSvatCopt" : { },
    "sttlMsgCopt" : { },
    "sttlOpatCopt" : { },
    "sttlOtfxCopt" : { },
    "userData" : {
      "dtstDcd" : "IO",
      "dtstLen" : 9,
      "data" : {
        "TEST_CD" : "TEST",
        "TEST_ARRAY_ROWCOUNT" : "00000"
      }
    },
    "endSignal" : "@@"
  }
}
2018-11-28 19:20:45 [INFO] [6] [FROM OUT ADAPTER] {
  "seq" : "6",
  "globalId" : "20181128HyunJouire1920450140010000",
  "standardTelegram" : {
    "sttlSysCopt" : {
      "sttlLen" : 1450,
      "sttlCmrsYn" : "N",
      "sttlEncpDcd" : "0",
      "sttlLnggDcd" : "KO",
      "sttlVerDsnc" : "024",
      "whbnSttlWrtnYmd" : "20181128",
      "whbnSttlCretSysNm" : "HyunJoui",
      "whbnSttlSrn" : "re192045014001",
      "whbnSttlPgrsDsncNo" : 0,
      "whbnSttlPgrsNo" : 0,
      "sttlIntfAnunId" : "20181128HyunJoui-MacBook-Pro.local",
      "sysEnvrInfoDcd" : "D",
      "frstRqstTs" : "20181128192045014",
      "sttlMctmUseYn" : "N",
      "sttlMctmSecVl" : 0,
      "trnmSysDcd" : "GMC",
      "trnmTs" : "20181128192045014",
      "rqstRspnDcd" : "S",
      "sttlIdprVrsnSrn" : 0,
      "rqstSysDcd" : "APB",
      "rqstSysBswrDcd" : "APB",
      "sttlIntfId" : "ITRO00000035",
      "syncRspnWaitDcd" : "S",
      "etahTrnYn" : "N",
      "inptTmgtDcd" : "0",
      "sttlRqstTs" : "20181128192045014",
      "rqstRcvSvcId" : "CBKCOM915000",
      "rspnRcvSvcId" : "CBKCOM915000",
      "bidRspnRcvPortNo" : 0,
      "erocSysDcd" : "APB",
      "rqstChptDcd" : "APB",
      "rqstChptDtlsDcd" : "APB",
      "rqstChbsDcd" : "APB",
      "ssoUseYn" : "N",
      "lrqnInopTrnGlblId" : "20181128HyunJoui-MacBook-Pro.l",
      "lrqnInopCtntNo" : 0
    },
    "sttlTrnCopt" : {
      "trnChnlDcd" : "OLT",
      "trrqBswrDcd" : "APB",
      "sttlXcd" : "CBKCOM915000",
      "cnclDcd" : "1",
      "ctntTrnDcd" : 0,
      "inptTrnSrn" : "0000000000",
      "blngFncmCd" : "001",
      "tcslInfoTrnKcd" : 0,
      "extTrnInttDcd" : "1",
      "extTrnUnqId" : "1",
      "extLnkIntfId" : "1",
      "extTrnSsnId" : "1",
      "extTrnRutnId" : "1",
      "trnCoptFlop" : "1"
    },
    "sttlAmgcCopt" : {
      "dtstDcd" : "MC",
      "dtstLen" : 124,
      "ingnSqnMctlSrn" : 0,
      "tln" : "CHFEP000",
      "acitRnlModeDcd" : "1",
      "baclDcd" : "1",
      "ynbkDcd" : "2",
      "caalDcd" : "2",
      "bnkbSrn" : 0,
      "smatInqSrn" : 0,
      "brcd" : "9301",
      "wonCashBal" : 0,
      "obrcAmt" : 0,
      "wonAltrDfamAmt" : 0
    },
    "sttlNfchCopt" : {
      "dtstDcd" : "NC",
      "dtstLen" : 597,
      "srvrOtptRqstNbi" : 0
    },
    "sttlSvatCopt" : { },
    "sttlMsgCopt" : { },
    "sttlOpatCopt" : { },
    "sttlOtfxCopt" : { },
    "userData" : {
      "dtstDcd" : "IO",
      "dtstLen" : 9,
      "data" : {
        "TEST_CD" : "TEST",
        "TEST_ARRAY_ROWCOUNT" : "00000"
      }
    },
    "endSignal" : "@@"
  }
}
